<?xml version="1.0" encoding="UTF-8"?>
<!-- Generated by org.testng.reporters.JUnitXMLReporter -->
<testsuite ignored="0" hostname="LAPTOP-GA4HMSSR" failures="0" tests="18" name="Default test" time="10.34" errors="0" timestamp="2022-11-21T12:14:25 IST">
  <testcase classname="com.bridgelabz.spotify.SpotifyApi" name="testGet_CurrentUsersProfile" time="2.564"/>
  <testcase classname="com.bridgelabz.spotify.SpotifyApi" name="testGet_UsersProfile" time="0.32"/>
  <testcase classname="com.bridgelabz.spotify.SpotifyApi" name="createPlaylist" time="0.497"/>
  <testcase classname="com.bridgelabz.spotify.SpotifyApi" name="add_Items_to_Playlist" time="0.406"/>
  <testcase classname="com.bridgelabz.spotify.SpotifyApi" name="remove_Playlist_Items" time="0.418"/>
  <testcase classname="com.bridgelabz.spotify.SpotifyApi" name="get_Playlist" time="0.444"/>
  <testcase classname="com.bridgelabz.spotify.SpotifyApi" name="get_Users_Playlist" time="0.33"/>
  <testcase classname="com.bridgelabz.spotify.SpotifyApi" name="get_Playlist_Items" time="0.368"/>
  <testcase classname="com.bridgelabz.spotify.SpotifyApi" name="get_Current_Users_Playlists" time="0.346"/>
  <testcase classname="com.bridgelabz.spotify.SpotifyApi" name="change_Playlist_Details" time="0.366"/>
  <testcase classname="com.bridgelabz.spotify.SpotifyApi" name="search_For_Item" time="0.663"/>
  <testcase classname="com.bridgelabz.spotify.SpotifyApi" name="update_Playlist_Items" time="0.427"/>
  <testcase classname="com.bridgelabz.spotify.SpotifyApi" name="get_Tracks_Audio_Analysis" time="1.336"/>
  <testcase classname="com.bridgelabz.spotify.SpotifyApi" name="get_Tracks_Audio_Features" time="0.32"/>
  <testcase classname="com.bridgelabz.spotify.SpotifyApi" name="get_Track_Audio_Features" time="0.264"/>
  <testcase classname="com.bridgelabz.spotify.SpotifyApi" name="get_Several_Tracks" time="0.477"/>
  <testcase classname="com.bridgelabz.spotify.SpotifyApi" name="get_Track" time="0.358"/>
  <testcase classname="com.bridgelabz.spotify.SpotifyApi" name="get_Playlist_CoverImage" time="0.36"/>
</testsuite> <!-- Default test -->
